2020-09-21 10:39:14: -- Analysis Started by On File Change First Full Analyze Upon Folder Connect
2020-09-21 10:39:14: L: State file does not exist: C:/Vue/citrus/_gsdata_/_file_state_v4._gs
2020-09-21 10:39:14: Changes: 120, Conflicts: 0, CopyTime: 0, FixState: 0, Errors: 0, All: 121
2020-09-21 10:39:14: Right to Left: Copy File: 120 
2020-09-21 10:39:14: == Sync Started by On File Change First Full Analyze Upon Folder Connect
2020-09-21 10:39:14: Create Folder 'C:/Vue/citrus/public'
2020-09-21 10:39:14: Create Folder 'C:/Vue/citrus/src'
2020-09-21 10:39:14: Create Folder 'C:/Vue/citrus/src/assets'
2020-09-21 10:39:14: Create Folder 'C:/Vue/citrus/src/assets/fonts'
2020-09-21 10:39:14: Create Folder 'C:/Vue/citrus/src/assets/images'
2020-09-21 10:39:14: Create Folder 'C:/Vue/citrus/src/assets/scripts'
2020-09-21 10:39:14: Create Folder 'C:/Vue/citrus/src/assets/styles'
2020-09-21 10:39:14: Create Folder 'C:/Vue/citrus/src/assets/webfonts'
2020-09-21 10:39:14: Create Folder 'C:/Vue/citrus/src/components'
2020-09-21 10:39:14: Copy New 'G:/Sync Projects/citrus/.gitignore' -> 'C:/Vue/citrus/.gitignore' (214)
2020-09-21 10:39:14: Copy New 'G:/Sync Projects/citrus/babel.config.js' -> 'C:/Vue/citrus/babel.config.js' (53)
2020-09-21 10:39:14: Copy New 'G:/Sync Projects/citrus/package-lock.json' -> 'C:/Vue/citrus/package-lock.json' (509 911)
2020-09-21 10:39:14: Copy New 'G:/Sync Projects/citrus/package.json' -> 'C:/Vue/citrus/package.json' (1 743)
2020-09-21 10:39:14: Copy New 'G:/Sync Projects/citrus/public/.htaccess' -> 'C:/Vue/citrus/public/.htaccess' (368)
2020-09-21 10:39:14: Copy New 'G:/Sync Projects/citrus/public/index.html' -> 'C:/Vue/citrus/public/index.html' (2 063)
2020-09-21 10:39:14: Copy New 'G:/Sync Projects/citrus/public/favicon.png' -> 'C:/Vue/citrus/public/favicon.png' (15 551)
2020-09-21 10:39:14: Copy New 'G:/Sync Projects/citrus/public/robots.txt' -> 'C:/Vue/citrus/public/robots.txt' (84)
2020-09-21 10:39:14: Copy New 'G:/Sync Projects/citrus/README.md' -> 'C:/Vue/citrus/README.md' (268)
2020-09-21 10:39:14: Copy New 'G:/Sync Projects/citrus/public/sitemap.xml' -> 'C:/Vue/citrus/public/sitemap.xml' (437)
2020-09-21 10:39:14: Copy New 'G:/Sync Projects/citrus/src/App.vue' -> 'C:/Vue/citrus/src/App.vue' (10 452)
2020-09-21 10:39:14: Copy New 'G:/Sync Projects/citrus/src/assets/fonts/Courier.woff2' -> 'C:/Vue/citrus/src/assets/fonts/Courier.woff2' (19 216)
2020-09-21 10:39:14: Copy New 'G:/Sync Projects/citrus/src/assets/fonts/GothamProRegular.woff' -> 'C:/Vue/citrus/src/assets/fonts/GothamProRegular.woff' (23 092)
2020-09-21 10:39:14: Copy New 'G:/Sync Projects/citrus/src/assets/fonts/GothaProReg.otf' -> 'C:/Vue/citrus/src/assets/fonts/GothaProReg.otf' (46 096)
2020-09-21 10:39:14: Copy New 'G:/Sync Projects/citrus/src/assets/fonts/MuseoSansCyrl-500.otf' -> 'C:/Vue/citrus/src/assets/fonts/MuseoSansCyrl-500.otf' (120 212)
2020-09-21 10:39:14: Copy New 'G:/Sync Projects/citrus/src/assets/fonts/MuseoSansCyrl.otf' -> 'C:/Vue/citrus/src/assets/fonts/MuseoSansCyrl.otf' (106 712)
2020-09-21 10:39:14: Copy New 'G:/Sync Projects/citrus/src/assets/fonts/MuseoSansCyrl.woff' -> 'C:/Vue/citrus/src/assets/fonts/MuseoSansCyrl.woff' (43 648)
2020-09-21 10:39:14: Copy New 'G:/Sync Projects/citrus/src/assets/fonts/MyriadPro-Regular.woff' -> 'C:/Vue/citrus/src/assets/fonts/MyriadPro-Regular.woff' (44 524)
2020-09-21 10:39:14: Copy New 'G:/Sync Projects/citrus/src/assets/fonts/SegoeUI.woff' -> 'C:/Vue/citrus/src/assets/fonts/SegoeUI.woff' (245 624)
2020-09-21 10:39:14: Copy New 'G:/Sync Projects/citrus/src/assets/images/404.svg' -> 'C:/Vue/citrus/src/assets/images/404.svg' (689)
2020-09-21 10:39:14: Copy New 'G:/Sync Projects/citrus/src/assets/images/aura-verdant.jpg' -> 'C:/Vue/citrus/src/assets/images/aura-verdant.jpg' (91 674)
2020-09-21 10:39:14: Copy New 'G:/Sync Projects/citrus/src/assets/images/bg-calc.png' -> 'C:/Vue/citrus/src/assets/images/bg-calc.png' (57 703)
2020-09-21 10:39:14: Copy New 'G:/Sync Projects/citrus/src/assets/images/calculate.png' -> 'C:/Vue/citrus/src/assets/images/calculate.png' (4 315)
2020-09-21 10:39:14: Copy New 'G:/Sync Projects/citrus/src/assets/images/card_86x54.png' -> 'C:/Vue/citrus/src/assets/images/card_86x54.png' (47 174)
2020-09-21 10:39:14: Copy New 'G:/Sync Projects/citrus/src/assets/images/bg-makets.jpg' -> 'C:/Vue/citrus/src/assets/images/bg-makets.jpg' (1 900 405)
2020-09-21 10:39:14: Copy New 'G:/Sync Projects/citrus/src/assets/images/card_90x50.png' -> 'C:/Vue/citrus/src/assets/images/card_90x50.png' (44 948)
2020-09-21 10:39:14: Copy New 'G:/Sync Projects/citrus/src/assets/images/card_90x55.png' -> 'C:/Vue/citrus/src/assets/images/card_90x55.png' (47 714)
2020-09-21 10:39:14: Copy New 'G:/Sync Projects/citrus/src/assets/images/crease.svg' -> 'C:/Vue/citrus/src/assets/images/crease.svg' (605)
2020-09-21 10:39:14: Copy New 'G:/Sync Projects/citrus/src/assets/images/chess.png' -> 'C:/Vue/citrus/src/assets/images/chess.png' (111)
2020-09-21 10:39:14: Copy New 'G:/Sync Projects/citrus/src/assets/images/donato.jpg' -> 'C:/Vue/citrus/src/assets/images/donato.jpg' (91 136)
2020-09-21 10:39:14: Copy New 'G:/Sync Projects/citrus/src/assets/images/estidea.jpg' -> 'C:/Vue/citrus/src/assets/images/estidea.jpg' (30 492)
2020-09-21 10:39:14: Copy New 'G:/Sync Projects/citrus/src/assets/images/donato.png' -> 'C:/Vue/citrus/src/assets/images/donato.png' (443 722)
2020-09-21 10:39:14: Copy New 'G:/Sync Projects/citrus/src/assets/images/global.png' -> 'C:/Vue/citrus/src/assets/images/global.png' (1 532)
2020-09-21 10:39:14: Copy New 'G:/Sync Projects/citrus/src/assets/images/laptop-money.png' -> 'C:/Vue/citrus/src/assets/images/laptop-money.png' (29 289)
2020-09-21 10:39:14: Copy New 'G:/Sync Projects/citrus/src/assets/images/iMac.png' -> 'C:/Vue/citrus/src/assets/images/iMac.png' (155 217)
2020-09-21 10:39:14: Copy New 'G:/Sync Projects/citrus/src/assets/images/layers.png' -> 'C:/Vue/citrus/src/assets/images/layers.png' (1 493)
2020-09-21 10:39:14: Copy New 'G:/Sync Projects/citrus/src/assets/images/luxury.png' -> 'C:/Vue/citrus/src/assets/images/luxury.png' (1 525)
2020-09-21 10:39:14: Copy New 'G:/Sync Projects/citrus/src/assets/images/nashabechka.jpg' -> 'C:/Vue/citrus/src/assets/images/nashabechka.jpg' (177 382)
2020-09-21 10:39:14: Copy New 'G:/Sync Projects/citrus/src/assets/images/noise.png' -> 'C:/Vue/citrus/src/assets/images/noise.png' (5 915)
2020-09-21 10:39:14: Copy New 'G:/Sync Projects/citrus/src/assets/images/notebook.png' -> 'C:/Vue/citrus/src/assets/images/notebook.png' (685)
2020-09-21 10:39:14: Copy New 'G:/Sync Projects/citrus/src/assets/images/paper-plane.png' -> 'C:/Vue/citrus/src/assets/images/paper-plane.png' (1 762)
2020-09-21 10:39:14: Copy New 'G:/Sync Projects/citrus/src/assets/images/prlx.jpg' -> 'C:/Vue/citrus/src/assets/images/prlx.jpg' (737 733)
2020-09-21 10:39:14: Copy New 'G:/Sync Projects/citrus/src/assets/images/slider1.png' -> 'C:/Vue/citrus/src/assets/images/slider1.png' (290 079)
2020-09-21 10:39:14: Copy New 'G:/Sync Projects/citrus/src/assets/images/slider2.png' -> 'C:/Vue/citrus/src/assets/images/slider2.png' (289 356)
2020-09-21 10:39:14: Copy New 'G:/Sync Projects/citrus/src/assets/images/tmpl1.jpg' -> 'C:/Vue/citrus/src/assets/images/tmpl1.jpg' (136 332)
2020-09-21 10:39:14: Copy New 'G:/Sync Projects/citrus/src/assets/images/tmpl11.jpg' -> 'C:/Vue/citrus/src/assets/images/tmpl11.jpg' (90 268)
2020-09-21 10:39:14: Copy New 'G:/Sync Projects/citrus/src/assets/images/tmpl10.jpg' -> 'C:/Vue/citrus/src/assets/images/tmpl10.jpg' (205 752)
2020-09-21 10:39:14: Copy New 'G:/Sync Projects/citrus/src/assets/images/tmpl12.jpg' -> 'C:/Vue/citrus/src/assets/images/tmpl12.jpg' (260 108)
2020-09-21 10:39:14: Copy New 'G:/Sync Projects/citrus/src/assets/images/tmpl3.jpg' -> 'C:/Vue/citrus/src/assets/images/tmpl3.jpg' (127 317)
2020-09-21 10:39:14: Copy New 'G:/Sync Projects/citrus/src/assets/images/tmpl2.jpg' -> 'C:/Vue/citrus/src/assets/images/tmpl2.jpg' (131 069)
2020-09-21 10:39:14: Copy New 'G:/Sync Projects/citrus/src/assets/images/tmpl4.jpg' -> 'C:/Vue/citrus/src/assets/images/tmpl4.jpg' (94 208)
2020-09-21 10:39:14: Copy New 'G:/Sync Projects/citrus/src/assets/images/tmpl5.jpg' -> 'C:/Vue/citrus/src/assets/images/tmpl5.jpg' (202 775)
2020-09-21 10:39:14: Copy New 'G:/Sync Projects/citrus/src/assets/images/tmpl6.jpg' -> 'C:/Vue/citrus/src/assets/images/tmpl6.jpg' (138 355)
2020-09-21 10:39:14: Copy New 'G:/Sync Projects/citrus/src/assets/images/tmpl7.jpg' -> 'C:/Vue/citrus/src/assets/images/tmpl7.jpg' (90 923)
2020-09-21 10:39:14: Copy New 'G:/Sync Projects/citrus/src/assets/images/tmpl9.jpg' -> 'C:/Vue/citrus/src/assets/images/tmpl9.jpg' (166 649)
2020-09-21 10:39:14: Copy New 'G:/Sync Projects/citrus/src/assets/images/tmpl8.jpg' -> 'C:/Vue/citrus/src/assets/images/tmpl8.jpg' (163 694)
2020-09-21 10:39:14: Copy New 'G:/Sync Projects/citrus/src/assets/scripts/DrawSVGPlugin.js' -> 'C:/Vue/citrus/src/assets/scripts/DrawSVGPlugin.js' (9 837)
2020-09-21 10:39:14: Copy New 'G:/Sync Projects/citrus/src/assets/scripts/ScrambleTextPlugin.js' -> 'C:/Vue/citrus/src/assets/scripts/ScrambleTextPlugin.js' (9 435)
2020-09-21 10:39:14: Copy New 'G:/Sync Projects/citrus/src/assets/styles/_variables.scss' -> 'C:/Vue/citrus/src/assets/styles/_variables.scss' (103)
2020-09-21 10:39:14: Copy New 'G:/Sync Projects/citrus/src/assets/styles/fontawesome-all.min.css' -> 'C:/Vue/citrus/src/assets/styles/fontawesome-all.min.css' (40 526)
2020-09-21 10:39:14: Copy New 'G:/Sync Projects/citrus/src/assets/webfonts/fa-brands-400.eot' -> 'C:/Vue/citrus/src/assets/webfonts/fa-brands-400.eot' (97 584)
2020-09-21 10:39:14: Copy New 'G:/Sync Projects/citrus/src/assets/webfonts/fa-brands-400.ttf' -> 'C:/Vue/citrus/src/assets/webfonts/fa-brands-400.ttf' (97 348)
2020-09-21 10:39:14: Copy New 'G:/Sync Projects/citrus/src/assets/webfonts/fa-brands-400.svg' -> 'C:/Vue/citrus/src/assets/webfonts/fa-brands-400.svg' (502 996)
2020-09-21 10:39:14: Copy New 'G:/Sync Projects/citrus/src/assets/webfonts/fa-brands-400.woff' -> 'C:/Vue/citrus/src/assets/webfonts/fa-brands-400.woff' (63 024)
2020-09-21 10:39:14: Copy New 'G:/Sync Projects/citrus/src/assets/webfonts/fa-brands-400.woff2' -> 'C:/Vue/citrus/src/assets/webfonts/fa-brands-400.woff2' (53 932)
2020-09-21 10:39:14: Copy New 'G:/Sync Projects/citrus/src/assets/webfonts/fa-light-300.eot' -> 'C:/Vue/citrus/src/assets/webfonts/fa-light-300.eot' (158 388)
2020-09-21 10:39:14: Copy New 'G:/Sync Projects/citrus/src/assets/webfonts/fa-light-300.woff' -> 'C:/Vue/citrus/src/assets/webfonts/fa-light-300.woff' (70 644)
2020-09-21 10:39:14: Copy New 'G:/Sync Projects/citrus/src/assets/webfonts/fa-light-300.ttf' -> 'C:/Vue/citrus/src/assets/webfonts/fa-light-300.ttf' (158 172)
2020-09-21 10:39:14: Copy New 'G:/Sync Projects/citrus/src/assets/webfonts/fa-light-300.svg' -> 'C:/Vue/citrus/src/assets/webfonts/fa-light-300.svg' (592 289)
2020-09-21 10:39:14: Copy New 'G:/Sync Projects/citrus/src/assets/webfonts/fa-light-300.woff2' -> 'C:/Vue/citrus/src/assets/webfonts/fa-light-300.woff2' (55 160)
2020-09-21 10:39:14: Copy New 'G:/Sync Projects/citrus/src/assets/webfonts/fa-regular-400.eot' -> 'C:/Vue/citrus/src/assets/webfonts/fa-regular-400.eot' (145 688)
2020-09-21 10:39:14: Copy New 'G:/Sync Projects/citrus/src/assets/webfonts/fa-regular-400.svg' -> 'C:/Vue/citrus/src/assets/webfonts/fa-regular-400.svg' (544 924)
2020-09-21 10:39:14: Copy New 'G:/Sync Projects/citrus/src/assets/webfonts/fa-regular-400.ttf' -> 'C:/Vue/citrus/src/assets/webfonts/fa-regular-400.ttf' (145 464)
2020-09-21 10:39:14: Copy New 'G:/Sync Projects/citrus/src/assets/webfonts/fa-regular-400.woff' -> 'C:/Vue/citrus/src/assets/webfonts/fa-regular-400.woff' (66 392)
2020-09-21 10:39:14: Copy New 'G:/Sync Projects/citrus/src/assets/webfonts/fa-regular-400.woff2' -> 'C:/Vue/citrus/src/assets/webfonts/fa-regular-400.woff2' (52 684)
2020-09-21 10:39:14: Copy New 'G:/Sync Projects/citrus/src/assets/webfonts/fa-solid-900.eot' -> 'C:/Vue/citrus/src/assets/webfonts/fa-solid-900.eot' (127 436)
2020-09-21 10:39:14: Copy New 'G:/Sync Projects/citrus/src/assets/webfonts/fa-solid-900.svg' -> 'C:/Vue/citrus/src/assets/webfonts/fa-solid-900.svg' (471 355)
2020-09-21 10:39:14: Copy New 'G:/Sync Projects/citrus/src/assets/webfonts/fa-solid-900.ttf' -> 'C:/Vue/citrus/src/assets/webfonts/fa-solid-900.ttf' (127 220)
2020-09-21 10:39:14: Copy New 'G:/Sync Projects/citrus/src/assets/webfonts/fa-solid-900.woff' -> 'C:/Vue/citrus/src/assets/webfonts/fa-solid-900.woff' (56 592)
2020-09-21 10:39:14: Copy New 'G:/Sync Projects/citrus/src/assets/webfonts/fa-solid-900.woff2' -> 'C:/Vue/citrus/src/assets/webfonts/fa-solid-900.woff2' (44 448)
2020-09-21 10:39:14: Copy New 'G:/Sync Projects/citrus/src/components/_appStore.vue' -> 'C:/Vue/citrus/src/components/_appStore.vue' (6 429)
2020-09-21 10:39:14: Copy New 'G:/Sync Projects/citrus/src/components/_astana.vue' -> 'C:/Vue/citrus/src/components/_astana.vue' (4 834)
2020-09-21 10:39:14: Copy New 'G:/Sync Projects/citrus/src/components/_boxSvg.vue' -> 'C:/Vue/citrus/src/components/_boxSvg.vue' (4 471)
2020-09-21 10:39:14: Copy New 'G:/Sync Projects/citrus/src/components/_buttonSvg.vue' -> 'C:/Vue/citrus/src/components/_buttonSvg.vue' (2 448)
2020-09-21 10:39:14: Copy New 'G:/Sync Projects/citrus/src/components/_card.vue' -> 'C:/Vue/citrus/src/components/_card.vue' (5 628)
2020-09-21 10:39:14: Copy New 'G:/Sync Projects/citrus/src/components/_cube2Svg.vue' -> 'C:/Vue/citrus/src/components/_cube2Svg.vue' (2 231)
2020-09-21 10:39:14: Copy New 'G:/Sync Projects/citrus/src/components/_cube1Svg.vue' -> 'C:/Vue/citrus/src/components/_cube1Svg.vue' (2 229)
2020-09-21 10:39:14: Copy New 'G:/Sync Projects/citrus/src/components/_cubeweb1.vue' -> 'C:/Vue/citrus/src/components/_cubeweb1.vue' (952)
2020-09-21 10:39:14: Copy New 'G:/Sync Projects/citrus/src/components/_dots.vue' -> 'C:/Vue/citrus/src/components/_dots.vue' (2 798)
2020-09-21 10:39:14: Copy New 'G:/Sync Projects/citrus/src/components/_cubeweb2.vue' -> 'C:/Vue/citrus/src/components/_cubeweb2.vue' (987)
2020-09-21 10:39:14: Copy New 'G:/Sync Projects/citrus/src/components/_footer.vue' -> 'C:/Vue/citrus/src/components/_footer.vue' (1 716)
2020-09-21 10:39:14: Copy New 'G:/Sync Projects/citrus/src/components/_laptop.vue' -> 'C:/Vue/citrus/src/components/_laptop.vue' (19 108)
2020-09-21 10:39:14: Copy New 'G:/Sync Projects/citrus/src/components/_logoSvg.vue' -> 'C:/Vue/citrus/src/components/_logoSvg.vue' (3 615)
2020-09-21 10:39:14: Copy New 'G:/Sync Projects/citrus/src/components/_header.vue' -> 'C:/Vue/citrus/src/components/_header.vue' (5 031)
2020-09-21 10:39:14: Copy New 'G:/Sync Projects/citrus/src/components/_particles.vue' -> 'C:/Vue/citrus/src/components/_particles.vue' (4 048)
2020-09-21 10:39:14: Copy New 'G:/Sync Projects/citrus/src/components/_mobileBanner.vue' -> 'C:/Vue/citrus/src/components/_mobileBanner.vue' (61 458)
2020-09-21 10:39:14: Copy New 'G:/Sync Projects/citrus/src/components/_particles_web.vue' -> 'C:/Vue/citrus/src/components/_particles_web.vue' (3 427)
2020-09-21 10:39:14: Copy New 'G:/Sync Projects/citrus/src/components/_seoBanner.vue' -> 'C:/Vue/citrus/src/components/_seoBanner.vue' (59 679)
2020-09-21 10:39:14: Copy New 'G:/Sync Projects/citrus/src/components/_pocket.vue' -> 'C:/Vue/citrus/src/components/_pocket.vue' (347 407)
2020-09-21 10:39:14: Copy New 'G:/Sync Projects/citrus/src/components/_smartphone.vue' -> 'C:/Vue/citrus/src/components/_smartphone.vue' (14 335)
2020-09-21 10:39:14: Copy New 'G:/Sync Projects/citrus/src/components/_swipe.vue' -> 'C:/Vue/citrus/src/components/_swipe.vue' (1 238)
2020-09-21 10:39:14: Copy New 'G:/Sync Projects/citrus/src/components/_webMobile.vue' -> 'C:/Vue/citrus/src/components/_webMobile.vue' (5 861)
2020-09-21 10:39:14: Copy New 'G:/Sync Projects/citrus/src/components/CalcPage.vue' -> 'C:/Vue/citrus/src/components/CalcPage.vue' (23 999)
2020-09-21 10:39:14: Copy New 'G:/Sync Projects/citrus/src/components/Constructor.vue' -> 'C:/Vue/citrus/src/components/Constructor.vue' (67 533)
2020-09-21 10:39:14: Copy New 'G:/Sync Projects/citrus/src/components/Contact.vue' -> 'C:/Vue/citrus/src/components/Contact.vue' (1 174)
2020-09-21 10:39:14: Copy New 'G:/Sync Projects/citrus/src/components/HomePage.vue' -> 'C:/Vue/citrus/src/components/HomePage.vue' (6 482)
2020-09-21 10:39:14: Copy New 'G:/Sync Projects/citrus/src/components/NotFound.vue' -> 'C:/Vue/citrus/src/components/NotFound.vue' (1 069)
2020-09-21 10:39:14: Copy New 'G:/Sync Projects/citrus/src/components/WebPage.vue' -> 'C:/Vue/citrus/src/components/WebPage.vue' (27 799)
2020-09-21 10:39:14: Copy New 'G:/Sync Projects/citrus/src/components/Templates.vue' -> 'C:/Vue/citrus/src/components/Templates.vue' (930 801)
2020-09-21 10:39:14: Copy New 'G:/Sync Projects/citrus/src/main.js' -> 'C:/Vue/citrus/src/main.js' (1 558)
2020-09-21 10:39:14: Copy New 'G:/Sync Projects/citrus/vue.config.js' -> 'C:/Vue/citrus/vue.config.js' (144)
2020-09-21 10:39:14: == Sync Complete. Time: 00:00:01, Speed: 0.00/s, OK: 120, Errors: 0
2020-09-21 10:39:14: 
